2023-03-22 13:16:51,700 [INFO] snake eats food at (-220.00,100.00)
2023-03-22 13:16:51,701 [INFO] snake speed 0.095
2023-03-22 13:16:51,714 [INFO] food spawned at 104,-2
2023-03-22 13:16:51,715 [INFO] randompoint (8 : 8)
2023-03-22 13:16:51,715 [INFO] turtle food spawned at 286,-224
2023-03-22 13:16:56,096 [INFO] snake eats turtle food at (280.00,-220.00)
2023-03-22 13:16:56,096 [INFO] snake speed 0.115
2023-03-22 13:16:56,102 [INFO] turtle food spawned at -900,-900
2023-03-22 13:16:59,168 [INFO] snake eats food at (100.00,-20.00)
2023-03-22 13:16:59,169 [INFO] snake speed 0.095
2023-03-22 13:16:59,171 [INFO] food spawned at 135,-249
2023-03-22 13:16:59,172 [INFO] randompoint (4 : 8)
2023-03-22 13:17:01,844 [INFO] snake eats food at (140.00,-240.00)
2023-03-22 13:17:01,845 [INFO] snake speed 0.09
2023-03-22 13:17:01,851 [INFO] food spawned at -292,238
2023-03-22 13:17:01,852 [INFO] randompoint (3 : 6)
2023-03-22 13:17:07,068 [INFO] snake eats food at (-280.00,240.00)
2023-03-22 13:17:07,069 [INFO] snake speed 0.085
2023-03-22 13:17:07,080 [INFO] food spawned at -196,126
2023-03-22 13:17:07,080 [INFO] randompoint (4 : 6)
2023-03-22 13:17:08,493 [INFO] snake eats food at (-200.00,140.00)
2023-03-22 13:17:08,493 [INFO] snake speed 0.08
2023-03-22 13:17:08,507 [INFO] food spawned at -8,-249
2023-03-22 13:17:08,507 [INFO] randompoint (4 : 6)
2023-03-22 13:17:11,126 [INFO] snake eats food at (-20.00,-240.00)
2023-03-22 13:17:11,127 [INFO] snake speed 0.075
2023-03-22 13:17:11,135 [INFO] food spawned at 190,179
2023-03-22 13:17:11,135 [INFO] randompoint (5 : 6)
2023-03-22 13:17:16,670 [INFO] snake eats food at (200.00,180.00)
2023-03-22 13:17:16,670 [INFO] snake speed 0.07
2023-03-22 13:17:16,684 [INFO] food spawned at -317,-164
2023-03-22 13:17:16,684 [INFO] randompoint (4 : 4)
2023-03-22 13:17:16,684 [INFO] turtle food spawned at -174,-132
2023-03-22 13:17:19,334 [INFO] snake eats turtle food at (-160.00,-120.00)
2023-03-22 13:17:19,334 [INFO] snake speed 0.09
2023-03-22 13:17:19,338 [INFO] turtle food spawned at -900,-900
2023-03-22 13:17:21,354 [INFO] snake eats food at (-300.00,-160.00)
2023-03-22 13:17:21,354 [INFO] snake speed 0.085
2023-03-22 13:17:21,365 [INFO] food spawned at -98,-185
2023-03-22 13:17:21,365 [INFO] randompoint (2 : 4)
2023-03-22 13:17:23,858 [INFO] snake eats food at (-100.00,-200.00)
2023-03-22 13:17:23,859 [INFO] snake speed 0.08
2023-03-22 13:17:23,861 [INFO] food spawned at -267,176
2023-03-22 13:17:23,862 [INFO] randompoint (2 : 4)
2023-03-22 13:17:27,412 [INFO] snake eats food at (-260.00,160.00)
2023-03-22 13:17:27,413 [INFO] snake speed 0.075
2023-03-22 13:17:27,421 [INFO] food spawned at -154,165
2023-03-22 13:17:27,421 [INFO] randompoint (1 : 4)
2023-03-22 13:17:29,275 [INFO] snake eats food at (-140.00,160.00)
2023-03-22 13:17:29,275 [INFO] snake speed 0.07
2023-03-22 13:17:29,288 [INFO] food spawned at -117,315
2023-03-22 13:17:29,288 [INFO] randompoint (1 : 4)
2023-03-22 13:17:31,058 [INFO] snake eats food at (-120.00,300.00)
2023-03-22 13:17:31,059 [INFO] snake speed 0.065
2023-03-22 13:17:31,062 [INFO] food spawned at 238,249
2023-03-22 13:17:31,063 [INFO] randompoint (2 : 4)
2023-03-22 13:17:32,746 [INFO] snake teleports from (-480.00,280.00) to (480.0000000000001, 280.0)
2023-03-22 13:17:35,868 [INFO] snake teleports from (480.00,260.00) to (-480.0000000000001, 260.0)
2023-03-22 13:17:38,748 [INFO] snake eats food at (240.00,260.00)
2023-03-22 13:17:38,749 [INFO] snake speed 0.06
2023-03-22 13:17:38,758 [INFO] food spawned at -16,-58
2023-03-22 13:17:38,758 [INFO] randompoint (3 : 3)
2023-03-22 13:17:38,759 [INFO] turtle food spawned at 237,-2
2023-03-22 13:17:39,734 [INFO] snake teleports from (500.00,260.00) to (-499.9999999999999, 260.0)
2023-03-22 13:17:41,081 [INFO] snake teleports from (-500.00,20.00) to (499.9999999999999, 19.99999999999999)
2023-03-22 13:17:43,269 [INFO] snake eats turtle food at (220.00,-0.00)
2023-03-22 13:17:43,269 [INFO] snake speed 0.08
2023-03-22 13:17:43,280 [INFO] turtle food spawned at -900,-900
2023-03-22 13:17:44,593 [INFO] snake teleports from (500.00,-0.00) to (-499.9999999999999, -8.526512829121202e-14)
2023-03-22 13:17:46,273 [INFO] snake teleports from (-500.00,-40.00) to (499.9999999999999, -40.000000000000085)
2023-03-22 13:17:48,700 [INFO] snake eats food at (-0.00,-60.00)
2023-03-22 13:17:48,701 [INFO] snake speed 0.075
2023-03-22 13:17:48,709 [INFO] food spawned at 46,-297
2023-03-22 13:17:48,709 [INFO] randompoint (2 : 3)
2023-03-22 13:17:51,911 [INFO] snake teleports from (-480.00,-280.00) to (480.0000000000001, -280.0000000000001)
2023-03-22 13:17:53,964 [INFO] snake eats food at (40.00,-280.00)
2023-03-22 13:17:53,964 [INFO] snake speed 0.07
2023-03-22 13:17:53,977 [INFO] food spawned at 247,36
2023-03-22 13:17:53,978 [INFO] randompoint (3 : 3)
2023-03-22 13:17:53,978 [INFO] turtle food spawned at -273,255
2023-03-22 13:17:57,602 [INFO] snake eats turtle food at (-280.00,260.00)
2023-03-22 13:17:57,602 [INFO] snake speed 0.09
2023-03-22 13:17:57,605 [INFO] turtle food spawned at -900,-900
2023-03-22 13:18:01,650 [INFO] snake eats food at (260.00,40.00)
2023-03-22 13:18:01,650 [INFO] snake speed 0.085
2023-03-22 13:18:01,660 [INFO] food spawned at 87,129
2023-03-22 13:18:01,660 [INFO] randompoint (3 : 3)
2023-03-22 13:18:01,660 [INFO] turtle food spawned at -138,-4
2023-03-22 13:18:03,928 [INFO] snake eats turtle food at (-140.00,-20.00)
2023-03-22 13:18:03,929 [INFO] snake speed 0.105
2023-03-22 13:18:03,941 [INFO] turtle food spawned at -900,-900
2023-03-22 13:18:06,047 [INFO] snake eats food at (80.00,120.00)
2023-03-22 13:18:06,047 [INFO] snake speed 0.095
2023-03-22 13:18:06,062 [INFO] food spawned at -78,-315
2023-03-22 13:18:06,062 [INFO] randompoint (1 : 3)
2023-03-22 13:18:10,231 [INFO] snake eats food at (-80.00,-300.00)
2023-03-22 13:18:10,231 [INFO] snake speed 0.09
2023-03-22 13:18:10,237 [INFO] food spawned at -68,-293
2023-03-22 13:18:10,237 [INFO] randompoint (2 : 3)
2023-03-22 13:18:10,346 [INFO] snake eats food at (-60.00,-300.00)
2023-03-22 13:18:10,346 [INFO] snake speed 0.085
2023-03-22 13:18:10,357 [INFO] food spawned at 249,29
2023-03-22 13:18:10,357 [INFO] randompoint (1 : 3)
2023-03-22 13:18:15,008 [INFO] snake eats food at (240.00,20.00)
2023-03-22 13:18:15,009 [INFO] snake speed 0.08
2023-03-22 13:18:15,012 [INFO] food spawned at 58,-71
2023-03-22 13:18:15,012 [INFO] randompoint (2 : 3)
2023-03-22 13:18:17,819 [INFO] snake eats food at (60.00,-80.00)
2023-03-22 13:18:17,820 [INFO] snake speed 0.075
2023-03-22 13:18:17,826 [INFO] food spawned at -249,-25
2023-03-22 13:18:17,826 [INFO] randompoint (3 : 3)
2023-03-22 13:18:17,826 [INFO] turtle food spawned at 108,-249
2023-03-22 13:18:21,548 [INFO] snake eats turtle food at (100.00,-240.00)
2023-03-22 13:18:21,549 [INFO] snake speed 0.095
2023-03-22 13:18:21,561 [INFO] turtle food spawned at -900,-900
2023-03-22 13:18:25,008 [INFO] snake eats food at (-240.00,-20.00)
2023-03-22 13:18:25,008 [INFO] snake speed 0.09
2023-03-22 13:18:25,015 [INFO] food spawned at 284,116
2023-03-22 13:18:25,016 [INFO] randompoint (1 : 3)
2023-03-22 13:18:26,939 [INFO] snake teleports from (-500.00,-120.00) to (499.99999999999955, -120.0000000000007)
2023-03-22 13:18:29,287 [INFO] snake eats food at (280.00,100.00)
2023-03-22 13:18:29,287 [INFO] snake speed 0.085
2023-03-22 13:18:29,297 [INFO] food spawned at 312,269
2023-03-22 13:18:29,297 [INFO] randompoint (2 : 3)
2023-03-22 13:18:31,282 [INFO] snake eats food at (320.00,260.00)
2023-03-22 13:18:31,282 [INFO] snake speed 0.08
2023-03-22 13:18:31,285 [INFO] food spawned at -77,52
2023-03-22 13:18:31,285 [INFO] randompoint (3 : 3)
2023-03-22 13:18:31,285 [INFO] turtle food spawned at -2,261
2023-03-22 13:18:32,785 [INFO] snake eats turtle food at (-0.00,260.00)
2023-03-22 13:18:32,785 [INFO] snake speed 0.1
2023-03-22 13:18:32,791 [INFO] turtle food spawned at -900,-900
2023-03-22 13:18:34,351 [INFO] snake eats food at (-60.00,60.00)
2023-03-22 13:18:34,352 [INFO] snake speed 0.095
2023-03-22 13:18:34,366 [INFO] food spawned at -268,203
2023-03-22 13:18:34,366 [INFO] randompoint (3 : 3)
2023-03-22 13:18:34,366 [INFO] turtle food spawned at -30,313
2023-03-22 13:18:36,509 [INFO] snake eats food at (-280.00,200.00)
2023-03-22 13:18:36,509 [INFO] snake speed 0.09
2023-03-22 13:18:36,513 [INFO] food spawned at 158,258
2023-03-22 13:18:36,514 [INFO] randompoint (2 : 3)
2023-03-22 13:18:38,330 [INFO] snake eats turtle food at (-40.00,300.00)
2023-03-22 13:18:38,330 [INFO] snake speed 0.11
2023-03-22 13:18:38,340 [INFO] turtle food spawned at -900,-900
2023-03-22 13:18:39,781 [INFO] snake eats food at (160.00,260.00)
2023-03-22 13:18:39,781 [INFO] snake speed 0.095
2023-03-22 13:18:39,794 [INFO] food spawned at -26,136
2023-03-22 13:18:39,795 [INFO] randompoint (1 : 3)
2023-03-22 13:18:41,724 [INFO] snake eats food at (-20.00,120.00)
2023-03-22 13:18:41,724 [INFO] snake speed 0.09
2023-03-22 13:18:41,728 [INFO] food spawned at 268,296
2023-03-22 13:18:41,728 [INFO] randompoint (1 : 3)
2023-03-22 13:18:44,542 [INFO] game over at (-20.00,160.00) with score 36
2023-03-23 13:55:21,340 [INFO] snake eats food at (-220.00,100.00)
2023-03-23 13:55:21,342 [INFO] snake speed 0.095
2023-03-23 13:55:21,354 [INFO] food spawned at -309,-2
2023-03-23 13:55:21,354 [INFO] randompoint (7 : 8)
2023-03-23 13:55:22,748 [INFO] snake eats food at (-300.00,0.00)
2023-03-23 13:55:22,748 [INFO] snake speed 0.09
2023-03-23 13:55:22,755 [INFO] food spawned at -276,64
2023-03-23 13:55:22,755 [INFO] randompoint (8 : 8)
2023-03-23 13:55:22,755 [INFO] turtle food spawned at 58,-58
2023-03-23 13:55:24,140 [INFO] snake eats food at (-280.00,80.00)
2023-03-23 13:55:24,141 [INFO] snake speed 0.085
2023-03-23 13:55:24,155 [INFO] food spawned at 57,-121
2023-03-23 13:55:24,155 [INFO] randompoint (1 : 8)
2023-03-23 13:55:26,326 [INFO] snake eats turtle food at (40.00,-60.00)
2023-03-23 13:55:26,326 [INFO] snake speed 0.105
2023-03-23 13:55:26,329 [INFO] turtle food spawned at -900,-900
2023-03-23 13:55:27,581 [INFO] snake eats food at (60.00,-140.00)
2023-03-23 13:55:27,581 [INFO] snake speed 0.095
2023-03-23 13:55:27,584 [INFO] food spawned at -48,38
2023-03-23 13:55:27,584 [INFO] randompoint (2 : 6)
2023-03-23 13:55:30,577 [INFO] snake eats food at (-40.00,40.00)
2023-03-23 13:55:30,577 [INFO] snake speed 0.09
2023-03-23 13:55:30,584 [INFO] food spawned at 95,-243
2023-03-23 13:55:30,584 [INFO] randompoint (3 : 6)
2023-03-23 13:55:33,786 [INFO] snake eats food at (80.00,-240.00)
2023-03-23 13:55:33,787 [INFO] snake speed 0.085
2023-03-23 13:55:33,798 [INFO] food spawned at -62,-303
2023-03-23 13:55:33,799 [INFO] randompoint (2 : 6)
2023-03-23 13:55:36,077 [INFO] snake eats food at (-60.00,-300.00)
2023-03-23 13:55:36,077 [INFO] snake speed 0.08
2023-03-23 13:55:36,080 [INFO] food spawned at -204,116
2023-03-23 13:55:36,080 [INFO] randompoint (2 : 4)
2023-03-23 13:55:38,605 [INFO] snake eats food at (-200.00,100.00)
2023-03-23 13:55:38,605 [INFO] snake speed 0.075
2023-03-23 13:55:38,613 [INFO] food spawned at 177,-309
2023-03-23 13:55:38,613 [INFO] randompoint (1 : 4)
2023-03-23 13:55:40,147 [INFO] snake teleports from (-480.00,160.00) to (480.00000000000006, 160.0)
2023-03-23 13:55:43,762 [INFO] snake eats food at (180.00,-320.00)
2023-03-23 13:55:43,763 [INFO] snake speed 0.07
2023-03-23 13:55:43,776 [INFO] food spawned at 297,-39
2023-03-23 13:55:43,776 [INFO] randompoint (2 : 4)
2023-03-23 13:55:46,426 [INFO] snake eats food at (300.00,-20.00)
2023-03-23 13:55:46,426 [INFO] snake speed 0.065
2023-03-23 13:55:46,430 [INFO] food spawned at -218,76
2023-03-23 13:55:46,430 [INFO] randompoint (1 : 4)
2023-03-23 13:55:47,553 [INFO] snake teleports from (500.00,-100.00) to (-500.0, -99.9999999999999)
2023-03-23 13:55:49,314 [INFO] snake eats food at (-220.00,60.00)
2023-03-23 13:55:49,314 [INFO] snake speed 0.06
2023-03-23 13:55:49,324 [INFO] food spawned at 259,44
2023-03-23 13:55:49,324 [INFO] randompoint (3 : 4)
2023-03-23 13:55:51,086 [INFO] snake eats food at (240.00,40.00)
2023-03-23 13:55:51,087 [INFO] snake speed 0.055
2023-03-23 13:55:51,098 [INFO] food spawned at -41,33
2023-03-23 13:55:51,098 [INFO] randompoint (4 : 4)
2023-03-23 13:55:51,098 [INFO] turtle food spawned at -48,-106
2023-03-23 13:55:53,106 [INFO] snake eats turtle food at (-60.00,-100.00)
2023-03-23 13:55:53,107 [INFO] snake speed 0.075
2023-03-23 13:55:53,112 [INFO] turtle food spawned at -900,-900
2023-03-23 13:55:55,217 [INFO] snake eats food at (-40.00,20.00)
2023-03-23 13:55:55,217 [INFO] snake speed 0.07
2023-03-23 13:55:55,219 [INFO] food spawned at -194,161
2023-03-23 13:55:55,220 [INFO] randompoint (3 : 3)
2023-03-23 13:55:55,220 [INFO] turtle food spawned at -119,-91
2023-03-23 13:55:58,604 [INFO] snake eats turtle food at (-120.00,-100.00)
2023-03-23 13:55:58,605 [INFO] snake speed 0.09
2023-03-23 13:55:58,608 [INFO] turtle food spawned at -900,-900
2023-03-23 13:56:00,850 [INFO] snake eats food at (-200.00,160.00)
2023-03-23 13:56:00,851 [INFO] snake speed 0.085
2023-03-23 13:56:00,862 [INFO] food spawned at -185,151
2023-03-23 13:56:00,862 [INFO] randompoint (2 : 3)
2023-03-23 13:56:00,965 [INFO] snake eats food at (-180.00,160.00)
2023-03-23 13:56:00,965 [INFO] snake speed 0.08
2023-03-23 13:56:00,968 [INFO] food spawned at -89,175
2023-03-23 13:56:00,968 [INFO] randompoint (3 : 3)
2023-03-23 13:56:00,969 [INFO] turtle food spawned at -3,25
2023-03-23 13:56:01,347 [INFO] snake eats food at (-100.00,160.00)
2023-03-23 13:56:01,348 [INFO] snake speed 0.075
2023-03-23 13:56:01,355 [INFO] food spawned at 197,-87
2023-03-23 13:56:01,355 [INFO] randompoint (1 : 3)
2023-03-23 13:56:04,129 [INFO] snake eats turtle food at (0.00,20.00)
2023-03-23 13:56:04,129 [INFO] snake speed 0.095
2023-03-23 13:56:04,142 [INFO] turtle food spawned at -900,-900
2023-03-23 13:56:07,791 [INFO] snake eats food at (200.00,-100.00)
2023-03-23 13:56:07,792 [INFO] snake speed 0.09
2023-03-23 13:56:07,797 [INFO] food spawned at -30,49
2023-03-23 13:56:07,797 [INFO] randompoint (1 : 3)
2023-03-23 13:56:09,827 [INFO] snake eats food at (-40.00,40.00)
2023-03-23 13:56:09,828 [INFO] snake speed 0.085
2023-03-23 13:56:09,838 [INFO] food spawned at 166,-155
2023-03-23 13:56:09,838 [INFO] randompoint (2 : 3)
2023-03-23 13:56:11,345 [INFO] game over at (-40.00,340.00) with score 22
2023-03-23 13:57:30,493 [INFO] game over at (140.00,340.00) with score 0
2023-03-23 13:57:53,675 [INFO] game over at (60.00,-380.00) with score 0
2023-03-23 13:58:10,774 [INFO] game over at (60.00,340.00) with score 0
2023-03-23 13:58:27,874 [INFO] game over at (180.00,340.00) with score 0
